Using pre-set license
Built from '2021.1/release' branch; Version is '2021.1.1f1 (6fdc41dfa55a) revision 7330881'; Using compiler version '192528614'; Build Type 'Release'
OS: 'Windows 10 Pro; OS build 18363.1500; Version 1909; 64bit' Language: 'en' Physical Memory: 16328 MB
BatchMode: 1, IsHumanControllingUs: 0, StartBugReporterOnCrash: 0, Is64bit: 1, IsPro: 0

 COMMAND LINE ARGUMENTS:
C:\Program Files\Unity Engine Install Versions\2021.1.1f1\Editor\Unity.exe
-adb2
-batchMode
-noUpm
-name
AssetImportWorker0
-projectPath
C:/Users/USER/Desktop/C# Projects/Course 3/Week 1/Project Wacky-Breakout/Wacky Breakout
-logFile
Logs/AssetImportWorker0.log
-srvPort
54891
Successfully changed project path to: C:/Users/USER/Desktop/C# Projects/Course 3/Week 1/Project Wacky-Breakout/Wacky Breakout
C:/Users/USER/Desktop/C# Projects/Course 3/Week 1/Project Wacky-Breakout/Wacky Breakout
Using Asset Import Pipeline V2.
Refreshing native plugins compatible for Editor in 87.28 ms, found 1 plugins.
Preloading 0 native plugins for Editor in 0.00 ms.
Initialize engine version: 2021.1.1f1 (6fdc41dfa55a)
[Subsystems] Discovering subsystems at path C:/Program Files/Unity Engine Install Versions/2021.1.1f1/Editor/Data/Resources/UnitySubsystems
[Subsystems] Discovering subsystems at path C:/Users/USER/Desktop/C# Projects/Course 3/Week 1/Project Wacky-Breakout/Wacky Breakout/Assets
GfxDevice: creating device client; threaded=0; jobified=0
Direct3D:
    Version:  Direct3D 11.0 [level 11.1]
    Renderer: Radeon RX 570 Series (ID=0x67df)
    Vendor:   ATI
    VRAM:     4075 MB
    Driver:   27.20.1034.6
Initialize mono
Mono path[0] = 'C:/Program Files/Unity Engine Install Versions/2021.1.1f1/Editor/Data/Managed'
Mono path[1] = 'C:/Program Files/Unity Engine Install Versions/2021.1.1f1/Editor/Data/MonoBleedingEdge/lib/mono/unityjit'
Mono config path = 'C:/Program Files/Unity Engine Install Versions/2021.1.1f1/Editor/Data/MonoBleedingEdge/etc'
Using monoOptions --debugger-agent=transport=dt_socket,embedding=1,server=y,suspend=n,address=127.0.0.1:56632
Begin MonoManager ReloadAssembly
Registering precompiled unity dll's ...
Register platform support module: C:/Program Files/Unity Engine Install Versions/2021.1.1f1/Editor/Data/PlaybackEngines/WindowsStandaloneSupport/UnityEditor.WindowsStandalone.Extensions.dll
Registered in 0.008388 seconds.
Native extension for WindowsStandalone target not found
Refreshing native plugins compatible for Editor in 157.98 ms, found 1 plugins.
Preloading 0 native plugins for Editor in 0.00 ms.
Mono: successfully reloaded assembly
- Completed reload, in  4.170 seconds
Platform modules already initialized, skipping
Registering precompiled user dll's ...
Registered in 0.005902 seconds.
Begin MonoManager ReloadAssembly
Native extension for WindowsStandalone target not found
Refreshing native plugins compatible for Editor in 98.71 ms, found 1 plugins.
Preloading 0 native plugins for Editor in 0.00 ms.
Mono: successfully reloaded assembly
- Completed reload, in  4.232 seconds
Platform modules already initialized, skipping
========================================================================
Worker process is ready to serve import requests
Launched and connected shader compiler UnityShaderCompiler.exe after 0.25 seconds
Refreshing native plugins compatible for Editor in 1.43 ms, found 1 plugins.
Preloading 0 native plugins for Editor in 0.00 ms.
Unloading 1861 Unused Serialized files (Serialized files now loaded: 0)
System memory in use before: 88.4 MB.
System memory in use after: 88.5 MB.

Unloading 19 unused Assets to reduce memory usage. Loaded Objects now: 2325.
Total: 9.685300 ms (FindLiveObjects: 0.571700 ms CreateObjectMapping: 0.674800 ms MarkObjects: 8.154500 ms  DeleteObjects: 0.279900 ms)

========================================================================
Received Import Request.
  path: Assets/Scripts/Audio/AudioManager.cs
  artifactKey: Guid(cfe4397cd7e3a8c468be1beff205a036) Importer(815301076,1909f56bfc062723c751e8b465ee728b)
Start importing Assets/Scripts/Audio/AudioManager.cs using Guid(cfe4397cd7e3a8c468be1beff205a036) Importer(815301076,1909f56bfc062723c751e8b465ee728b)  -> (artifact id: 'fc1a4c5de56284706e536bccb2710d39') in 0.172843 seconds 
========================================================================
Received Import Request.
  Time since last request: 0.000603 seconds.
  path: Assets/Scripts/Audio/GameAudioSource.cs
  artifactKey: Guid(22b779991150c344981347ab9ca38239) Importer(815301076,1909f56bfc062723c751e8b465ee728b)
Start importing Assets/Scripts/Audio/GameAudioSource.cs using Guid(22b779991150c344981347ab9ca38239) Importer(815301076,1909f56bfc062723c751e8b465ee728b)  -> (artifact id: '85bc3277f1b90f8e2ad95090661cc711') in 0.038605 seconds 
========================================================================
Received Import Request.
  Time since last request: 0.000684 seconds.
  path: Assets/Scripts/Audio/AudioClipName.cs
  artifactKey: Guid(cbcf283c669d0aa4288240a8347d0761) Importer(815301076,1909f56bfc062723c751e8b465ee728b)
Start importing Assets/Scripts/Audio/AudioClipName.cs using Guid(cbcf283c669d0aa4288240a8347d0761) Importer(815301076,1909f56bfc062723c751e8b465ee728b)  -> (artifact id: '277d8db78818defc0779df858b764da7') in 0.149193 seconds 
========================================================================
Received Import Request.
  Time since last request: 0.000750 seconds.
  path: Assets/Scripts/Audio
  artifactKey: Guid(df475aa390755d8418275d959c4f2506) Importer(815301076,1909f56bfc062723c751e8b465ee728b)
Start importing Assets/Scripts/Audio using Guid(df475aa390755d8418275d959c4f2506) Importer(815301076,1909f56bfc062723c751e8b465ee728b)  -> (artifact id: 'e2cb087faff4c5e778fce0d0ff11a83a') in 0.168691 seconds 
